2022-03-13 23:10:50.594  INFO 34304 --- [main] com.example.demo.DemoApplication         : Starting DemoApplication using Java 11.0.8-internal on RFNY137 with PID 34304 (C:\Users\V5700111\IdeaProjects\TestProjectFinal2\target\classes started by V5700111 in C:\Users\V5700111\IdeaProjects\TestProjectFinal2)
2022-03-13 23:10:50.600  INFO 34304 --- [main] com.example.demo.DemoApplication         : No active profile set, falling back to 1 default profile: "default"
2022-03-13 23:10:52.924  INFO 34304 --- [main] .s.d.r.c.RepositoryConfigurationDelegate : Bootstrapping Spring Data MongoDB repositories in DEFAULT mode.
2022-03-13 23:10:53.074  INFO 34304 --- [main] .s.d.r.c.RepositoryConfigurationDelegate : Finished Spring Data repository scanning in 131 ms. Found 1 MongoDB repository interfaces.
2022-03-13 23:10:54.306  INFO 34304 --- [main] o.s.b.w.embedded.tomcat.TomcatWebServer  : Tomcat initialized with port(s): 8080 (http)
2022-03-13 23:10:54.327  INFO 34304 --- [main] o.apache.catalina.core.StandardService   : Starting service [Tomcat]
2022-03-13 23:10:54.332  INFO 34304 --- [main] org.apache.catalina.core.StandardEngine  : Starting Servlet engine: [Apache Tomcat/9.0.58]
2022-03-13 23:10:54.608  INFO 34304 --- [main] o.a.c.c.C.[Tomcat].[localhost].[/]       : Initializing Spring embedded WebApplicationContext
2022-03-13 23:10:54.609  INFO 34304 --- [main] w.s.c.ServletWebServerApplicationContext : Root WebApplicationContext: initialization completed in 3940 ms
2022-03-13 23:10:54.943  INFO 34304 --- [main] o.s.boot.web.servlet.RegistrationBean    : Filter requestResponseLoggingFilter was not registered (possibly already registered?)
2022-03-13 23:10:55.383  INFO 34304 --- [main] org.mongodb.driver.cluster               : Cluster created with settings {hosts=[host.docker.internal:27017], mode=SINGLE, requiredClusterType=UNKNOWN, serverSelectionTimeout='30000 ms'}
2022-03-13 23:10:55.585  INFO 34304 --- [cluster-rtt-ClusterId{value='622eb23f05fa8c501420d3f5', description='null'}-host.docker.internal:27017] org.mongodb.driver.connection            : Opened connection [connectionId{localValue:2, serverValue:12}] to host.docker.internal:27017
2022-03-13 23:10:55.585  INFO 34304 --- [cluster-ClusterId{value='622eb23f05fa8c501420d3f5', description='null'}-host.docker.internal:27017] org.mongodb.driver.connection            : Opened connection [connectionId{localValue:1, serverValue:13}] to host.docker.internal:27017
2022-03-13 23:10:55.596  INFO 34304 --- [cluster-ClusterId{value='622eb23f05fa8c501420d3f5', description='null'}-host.docker.internal:27017] org.mongodb.driver.cluster               : Monitor thread successfully connected to server with description ServerDescription{address=host.docker.internal:27017, type=STANDALONE, state=CONNECTED, ok=true, minWireVersion=0, maxWireVersion=13, maxDocumentSize=16777216, logicalSessionTimeoutMinutes=30, roundTripTimeNanos=83298200}
2022-03-13 23:10:57.894  INFO 34304 --- [main] o.s.b.a.e.web.EndpointLinksResolver      : Exposing 1 endpoint(s) beneath base path '/actuator'
2022-03-13 23:10:58.043  INFO 34304 --- [main] o.s.b.w.embedded.tomcat.TomcatWebServer  : Tomcat started on port(s): 8080 (http) with context path ''
2022-03-13 23:10:58.090  INFO 34304 --- [main] com.example.demo.DemoApplication         : Started DemoApplication in 8.321 seconds (JVM running for 11.06)
2022-03-13 23:10:59.739  INFO 34304 --- [RMI TCP Connection(2)-192.168.1.152] o.a.c.c.C.[Tomcat].[localhost].[/]       : Initializing Spring DispatcherServlet 'dispatcherServlet'
2022-03-13 23:10:59.741  INFO 34304 --- [RMI TCP Connection(2)-192.168.1.152] o.s.web.servlet.DispatcherServlet        : Initializing Servlet 'dispatcherServlet'
2022-03-13 23:10:59.747  INFO 34304 --- [RMI TCP Connection(2)-192.168.1.152] o.s.web.servlet.DispatcherServlet        : Completed initialization in 4 ms
2022-03-13 23:10:59.902  INFO 34304 --- [RMI TCP Connection(1)-192.168.1.152] org.mongodb.driver.connection            : Opened connection [connectionId{localValue:3, serverValue:14}] to host.docker.internal:27017
